# JRE version: Java(TM) SE Runtime Environment (8.0_161-b12) (build 1.8.0_161-b12)
# Java VM: Java HotSpot(TM) 64-Bit Server VM (25.161-b12 mixed mode windows-amd64 compressed oops)
Heap:
 PSYoungGen      total 117248K, used 105840K [0x000000076d900000, 0x0000000777280000, 0x00000007c0000000)
  eden space 106496K, 89% used [0x000000076d900000,0x00000007735dd0d0,0x0000000774100000)
  from space 10752K, 99% used [0x0000000775100000,0x0000000775b7efe0,0x0000000775b80000)
  to   space 16384K, 0% used [0x0000000774100000,0x0000000774100000,0x0000000775100000)
 ParOldGen       total 113152K, used 16551K [0x00000006c8a00000, 0x00000006cf880000, 0x000000076d900000)
  object space 113152K, 14% used [0x00000006c8a00000,0x00000006c9a29c40,0x00000006cf880000)
 Metaspace       used 26641K, capacity 28044K, committed 28160K, reserved 1073152K
  class space    used 3458K, capacity 3736K, committed 3840K, reserved 1048576K
GC Heap History (10 events):
Event: 2.703 GC heap before
{Heap before GC invocations=3 (full 1):
 PSYoungGen      total 74240K, used 8755K [0x000000076d900000, 0x0000000776a00000, 0x00000007c0000000)
  eden space 64000K, 0% used [0x000000076d900000,0x000000076d900000,0x0000000771780000)
  from space 10240K, 85% used [0x0000000772180000,0x0000000772a0cc10,0x0000000772b80000)
  to   space 10240K, 0% used [0x0000000771780000,0x0000000771780000,0x0000000772180000)
 ParOldGen       total 169472K, used 24K [0x00000006c8a00000, 0x00000006d2f80000, 0x000000076d900000)
  object space 169472K, 0% used [0x00000006c8a00000,0x00000006c8a06000,0x00000006d2f80000)
 Metaspace       used 19994K, capacity 21200K, committed 21296K, reserved 1067008K
  class space    used 2597K, capacity 2848K, committed 2944K, reserved 1048576K
Event: 2.813 GC heap after
Heap after GC invocations=3 (full 1):
 PSYoungGen      total 74240K, used 0K [0x000000076d900000, 0x0000000776a00000, 0x00000007c0000000)
  eden space 64000K, 0% used [0x000000076d900000,0x000000076d900000,0x0000000771780000)
  from space 10240K, 0% used [0x0000000772180000,0x0000000772180000,0x0000000772b80000)
  to   space 10240K, 0% used [0x0000000771780000,0x0000000771780000,0x0000000772180000)
 ParOldGen       total 113152K, used 8474K [0x00000006c8a00000, 0x00000006cf880000, 0x000000076d900000)
  object space 113152K, 7% used [0x00000006c8a00000,0x00000006c9246948,0x00000006cf880000)
 Metaspace       used 19994K, capacity 21200K, committed 21296K, reserved 1067008K
  class space    used 2597K, capacity 2848K, committed 2944K, reserved 1048576K
}
Event: 3.571 GC heap before
{Heap before GC invocations=4 (full 1):
 PSYoungGen      total 74240K, used 64000K [0x000000076d900000, 0x0000000776a00000, 0x00000007c0000000)
  eden space 64000K, 100% used [0x000000076d900000,0x0000000771780000,0x0000000771780000)
  from space 10240K, 0% used [0x0000000772180000,0x0000000772180000,0x0000000772b80000)
  to   space 10240K, 0% used [0x0000000771780000,0x0000000771780000,0x0000000772180000)
 ParOldGen       total 113152K, used 8474K [0x00000006c8a00000, 0x00000006cf880000, 0x000000076d900000)
  object space 113152K, 7% used [0x00000006c8a00000,0x00000006c9246948,0x00000006cf880000)
 Metaspace       used 26285K, capacity 27724K, committed 27904K, reserved 1073152K
  class space    used 3439K, capacity 3736K, committed 3840K, reserved 1048576K
Event: 3.582 GC heap after
Heap after GC invocations=4 (full 1):
 PSYoungGen      total 74240K, used 7796K [0x000000076d900000, 0x0000000774080000, 0x00000007c0000000)
  eden space 64000K, 0% used [0x000000076d900000,0x000000076d900000,0x0000000771780000)
  from space 10240K, 76% used [0x0000000771780000,0x0000000771f1d020,0x0000000772180000)
  to   space 10240K, 0% used [0x0000000773680000,0x0000000773680000,0x0000000774080000)
 ParOldGen       total 113152K, used 8546K [0x00000006c8a00000, 0x00000006cf880000, 0x000000076d900000)
  object space 113152K, 7% used [0x00000006c8a00000,0x00000006c9258958,0x00000006cf880000)
 Metaspace       used 26285K, capacity 27724K, committed 27904K, reserved 1073152K
  class space    used 3439K, capacity 3736K, committed 3840K, reserved 1048576K
}
Event: 4.163 GC heap before
{Heap before GC invocations=5 (full 1):
 PSYoungGen      total 74240K, used 71796K [0x000000076d900000, 0x0000000774080000, 0x00000007c0000000)
  eden space 64000K, 100% used [0x000000076d900000,0x0000000771780000,0x0000000771780000)
  from space 10240K, 76% used [0x0000000771780000,0x0000000771f1d020,0x0000000772180000)
  to   space 10240K, 0% used [0x0000000773680000,0x0000000773680000,0x0000000774080000)
 ParOldGen       total 113152K, used 8546K [0x00000006c8a00000, 0x00000006cf880000, 0x000000076d900000)
  object space 113152K, 7% used [0x00000006c8a00000,0x00000006c9258958,0x00000006cf880000)
 Metaspace       used 26480K, capacity 27916K, committed 28160K, reserved 1073152K
  class space    used 3441K, capacity 3736K, committed 3840K, reserved 1048576K
Event: 4.174 GC heap after
Heap after GC invocations=5 (full 1):
 PSYoungGen      total 94720K, used 5812K [0x000000076d900000, 0x0000000774000000, 0x00000007c0000000)
  eden space 84992K, 0% used [0x000000076d900000,0x000000076d900000,0x0000000772c00000)
  from space 9728K, 59% used [0x0000000773680000,0x0000000773c2d010,0x0000000774000000)
  to   space 10240K, 0% used [0x0000000772c00000,0x0000000772c00000,0x0000000773600000)
 ParOldGen       total 113152K, used 8554K [0x00000006c8a00000, 0x00000006cf880000, 0x000000076d900000)
  object space 113152K, 7% used [0x00000006c8a00000,0x00000006c925a958,0x00000006cf880000)
 Metaspace       used 26480K, capacity 27916K, committed 28160K, reserved 1073152K
  class space    used 3441K, capacity 3736K, committed 3840K, reserved 1048576K
}
Event: 5.309 GC heap before
{Heap before GC invocations=6 (full 1):
 PSYoungGen      total 94720K, used 90804K [0x000000076d900000, 0x0000000774000000, 0x00000007c0000000)
  eden space 84992K, 100% used [0x000000076d900000,0x0000000772c00000,0x0000000772c00000)
  from space 9728K, 59% used [0x0000000773680000,0x0000000773c2d010,0x0000000774000000)
  to   space 10240K, 0% used [0x0000000772c00000,0x0000000772c00000,0x0000000773600000)
 ParOldGen       total 113152K, used 8554K [0x00000006c8a00000, 0x00000006cf880000, 0x000000076d900000)
  object space 113152K, 7% used [0x00000006c8a00000,0x00000006c925a958,0x00000006cf880000)
 Metaspace       used 26515K, capacity 27916K, committed 28160K, reserved 1073152K
  class space    used 3444K, capacity 3736K, committed 3840K, reserved 1048576K
Event: 5.327 GC heap after
Heap after GC invocations=6 (full 1):
 PSYoungGen      total 95232K, used 9364K [0x000000076d900000, 0x0000000775b80000, 0x00000007c0000000)
  eden space 84992K, 0% used [0x000000076d900000,0x000000076d900000,0x0000000772c00000)
  from space 10240K, 91% used [0x0000000772c00000,0x0000000773525020,0x0000000773600000)
  to   space 10752K, 0% used [0x0000000775100000,0x0000000775100000,0x0000000775b80000)
 ParOldGen       total 113152K, used 8562K [0x00000006c8a00000, 0x00000006cf880000, 0x000000076d900000)
  object space 113152K, 7% used [0x00000006c8a00000,0x00000006c925c958,0x00000006cf880000)
 Metaspace       used 26515K, capacity 27916K, committed 28160K, reserved 1073152K
  class space    used 3444K, capacity 3736K, committed 3840K, reserved 1048576K
}
Event: 5.998 GC heap before
{Heap before GC invocations=7 (full 1):
 PSYoungGen      total 95232K, used 94356K [0x000000076d900000, 0x0000000775b80000, 0x00000007c0000000)
  eden space 84992K, 100% used [0x000000076d900000,0x0000000772c00000,0x0000000772c00000)
  from space 10240K, 91% used [0x0000000772c00000,0x0000000773525020,0x0000000773600000)
  to   space 10752K, 0% used [0x0000000775100000,0x0000000775100000,0x0000000775b80000)
 ParOldGen       total 113152K, used 8562K [0x00000006c8a00000, 0x00000006cf880000, 0x000000076d900000)
  object space 113152K, 7% used [0x00000006c8a00000,0x00000006c925c958,0x00000006cf880000)
 Metaspace       used 26549K, capacity 27980K, committed 28160K, reserved 1073152K
  class space    used 3452K, capacity 3736K, committed 3840K, reserved 1048576K
Event: 6.056 GC heap after
Heap after GC invocations=7 (full 1):
 PSYoungGen      total 117248K, used 10747K [0x000000076d900000, 0x0000000777280000, 0x00000007c0000000)
  eden space 106496K, 0% used [0x000000076d900000,0x000000076d900000,0x0000000774100000)
  from space 10752K, 99% used [0x0000000775100000,0x0000000775b7efe0,0x0000000775b80000)
  to   space 16384K, 0% used [0x0000000774100000,0x0000000774100000,0x0000000775100000)
 ParOldGen       total 113152K, used 16551K [0x00000006c8a00000, 0x00000006cf880000, 0x000000076d900000)
  object space 113152K, 14% used [0x00000006c8a00000,0x00000006c9a29c40,0x00000006cf880000)
 Metaspace       used 26549K, capacity 27980K, committed 28160K, reserved 1073152K
  class space    used 3452K, capacity 3736K, committed 3840K, reserved 1048576K
}

