# JRE version: Java(TM) SE Runtime Environment (8.0_161-b12) (build 1.8.0_161-b12)
# Java VM: Java HotSpot(TM) 64-Bit Server VM (25.161-b12 mixed mode windows-amd64 compressed oops)
Heap:
 PSYoungGen      total 266240K, used 222346K [0x000000076d900000, 0x000000077e700000, 0x00000007c0000000)
  eden space 256000K, 86% used [0x000000076d900000,0x000000077b2228c0,0x000000077d300000)
  from space 10240K, 0% used [0x000000077dd00000,0x000000077dd00000,0x000000077e700000)
  to   space 10240K, 0% used [0x000000077d300000,0x000000077d300000,0x000000077dd00000)
 ParOldGen       total 132096K, used 21937K [0x00000006c8a00000, 0x00000006d0b00000, 0x000000076d900000)
  object space 132096K, 16% used [0x00000006c8a00000,0x00000006c9f6c6c0,0x00000006d0b00000)
 Metaspace       used 27256K, capacity 28024K, committed 28288K, reserved 1075200K
  class space    used 3191K, capacity 3397K, committed 3456K, reserved 1048576K
GC Heap History (10 events):
Event: 1.384 GC heap before
{Heap before GC invocations=1 (full 0):
 PSYoungGen      total 74240K, used 64000K [0x000000076d900000, 0x0000000772b80000, 0x00000007c0000000)
  eden space 64000K, 100% used [0x000000076d900000,0x0000000771780000,0x0000000771780000)
  from space 10240K, 0% used [0x0000000772180000,0x0000000772180000,0x0000000772b80000)
  to   space 10240K, 0% used [0x0000000771780000,0x0000000771780000,0x0000000772180000)
 ParOldGen       total 169472K, used 0K [0x00000006c8a00000, 0x00000006d2f80000, 0x000000076d900000)
  object space 169472K, 0% used [0x00000006c8a00000,0x00000006c8a00000,0x00000006d2f80000)
 Metaspace       used 11123K, capacity 11454K, committed 11520K, reserved 1058816K
  class space    used 1384K, capacity 1479K, committed 1536K, reserved 1048576K
Event: 1.407 GC heap after
Heap after GC invocations=1 (full 0):
 PSYoungGen      total 74240K, used 9003K [0x000000076d900000, 0x0000000776a00000, 0x00000007c0000000)
  eden space 64000K, 0% used [0x000000076d900000,0x000000076d900000,0x0000000771780000)
  from space 10240K, 87% used [0x0000000771780000,0x000000077204af78,0x0000000772180000)
  to   space 10240K, 0% used [0x0000000776000000,0x0000000776000000,0x0000000776a00000)
 ParOldGen       total 169472K, used 8K [0x00000006c8a00000, 0x00000006d2f80000, 0x000000076d900000)
  object space 169472K, 0% used [0x00000006c8a00000,0x00000006c8a02000,0x00000006d2f80000)
 Metaspace       used 11123K, capacity 11454K, committed 11520K, reserved 1058816K
  class space    used 1384K, capacity 1479K, committed 1536K, reserved 1048576K
}
Event: 2.698 GC heap before
{Heap before GC invocations=2 (full 0):
 PSYoungGen      total 74240K, used 73003K [0x000000076d900000, 0x0000000776a00000, 0x00000007c0000000)
  eden space 64000K, 100% used [0x000000076d900000,0x0000000771780000,0x0000000771780000)
  from space 10240K, 87% used [0x0000000771780000,0x000000077204af78,0x0000000772180000)
  to   space 10240K, 0% used [0x0000000776000000,0x0000000776000000,0x0000000776a00000)
 ParOldGen       total 169472K, used 8K [0x00000006c8a00000, 0x00000006d2f80000, 0x000000076d900000)
  object space 169472K, 0% used [0x00000006c8a00000,0x00000006c8a02000,0x00000006d2f80000)
 Metaspace       used 15011K, capacity 15310K, committed 15488K, reserved 1062912K
  class space    used 1840K, capacity 1913K, committed 1920K, reserved 1048576K
Event: 2.723 GC heap after
Heap after GC invocations=2 (full 0):
 PSYoungGen      total 138240K, used 10216K [0x000000076d900000, 0x0000000776a00000, 0x00000007c0000000)
  eden space 128000K, 0% used [0x000000076d900000,0x000000076d900000,0x0000000775600000)
  from space 10240K, 99% used [0x0000000776000000,0x00000007769fa020,0x0000000776a00000)
  to   space 10240K, 0% used [0x0000000775600000,0x0000000775600000,0x0000000776000000)
 ParOldGen       total 169472K, used 2793K [0x00000006c8a00000, 0x00000006d2f80000, 0x000000076d900000)
  object space 169472K, 1% used [0x00000006c8a00000,0x00000006c8cba6c0,0x00000006d2f80000)
 Metaspace       used 15011K, capacity 15310K, committed 15488K, reserved 1062912K
  class space    used 1840K, capacity 1913K, committed 1920K, reserved 1048576K
}
Event: 5.226 GC heap before
{Heap before GC invocations=3 (full 0):
 PSYoungGen      total 138240K, used 138216K [0x000000076d900000, 0x0000000776a00000, 0x00000007c0000000)
  eden space 128000K, 100% used [0x000000076d900000,0x0000000775600000,0x0000000775600000)
  from space 10240K, 99% used [0x0000000776000000,0x00000007769fa020,0x0000000776a00000)
  to   space 10240K, 0% used [0x0000000775600000,0x0000000775600000,0x0000000776000000)
 ParOldGen       total 169472K, used 2793K [0x00000006c8a00000, 0x00000006d2f80000, 0x000000076d900000)
  object space 169472K, 1% used [0x00000006c8a00000,0x00000006c8cba6c0,0x00000006d2f80000)
 Metaspace       used 16908K, capacity 17302K, committed 17536K, reserved 1064960K
  class space    used 1981K, capacity 2057K, committed 2176K, reserved 1048576K
Event: 5.252 GC heap after
Heap after GC invocations=3 (full 0):
 PSYoungGen      total 138240K, used 10216K [0x000000076d900000, 0x000000077e700000, 0x00000007c0000000)
  eden space 128000K, 0% used [0x000000076d900000,0x000000076d900000,0x0000000775600000)
  from space 10240K, 99% used [0x0000000775600000,0x0000000775ffa060,0x0000000776000000)
  to   space 10240K, 0% used [0x000000077dd00000,0x000000077dd00000,0x000000077e700000)
 ParOldGen       total 169472K, used 13911K [0x00000006c8a00000, 0x00000006d2f80000, 0x000000076d900000)
  object space 169472K, 8% used [0x00000006c8a00000,0x00000006c9795eb0,0x00000006d2f80000)
 Metaspace       used 16908K, capacity 17302K, committed 17536K, reserved 1064960K
  class space    used 1981K, capacity 2057K, committed 2176K, reserved 1048576K
}
Event: 5.926 GC heap before
{Heap before GC invocations=4 (full 0):
 PSYoungGen      total 138240K, used 41215K [0x000000076d900000, 0x000000077e700000, 0x00000007c0000000)
  eden space 128000K, 24% used [0x000000076d900000,0x000000076f745c28,0x0000000775600000)
  from space 10240K, 99% used [0x0000000775600000,0x0000000775ffa060,0x0000000776000000)
  to   space 10240K, 0% used [0x000000077dd00000,0x000000077dd00000,0x000000077e700000)
 ParOldGen       total 169472K, used 13911K [0x00000006c8a00000, 0x00000006d2f80000, 0x000000076d900000)
  object space 169472K, 8% used [0x00000006c8a00000,0x00000006c9795eb0,0x00000006d2f80000)
 Metaspace       used 20683K, capacity 21116K, committed 21296K, reserved 1069056K
  class space    used 2470K, capacity 2586K, committed 2688K, reserved 1048576K
Event: 5.949 GC heap after
Heap after GC invocations=4 (full 0):
 PSYoungGen      total 266240K, used 10224K [0x000000076d900000, 0x000000077e700000, 0x00000007c0000000)
  eden space 256000K, 0% used [0x000000076d900000,0x000000076d900000,0x000000077d300000)
  from space 10240K, 99% used [0x000000077dd00000,0x000000077e6fc208,0x000000077e700000)
  to   space 10240K, 0% used [0x000000077d300000,0x000000077d300000,0x000000077dd00000)
 ParOldGen       total 169472K, used 16250K [0x00000006c8a00000, 0x00000006d2f80000, 0x000000076d900000)
  object space 169472K, 9% used [0x00000006c8a00000,0x00000006c99de828,0x00000006d2f80000)
 Metaspace       used 20683K, capacity 21116K, committed 21296K, reserved 1069056K
  class space    used 2470K, capacity 2586K, committed 2688K, reserved 1048576K
}
Event: 5.949 GC heap before
{Heap before GC invocations=5 (full 1):
 PSYoungGen      total 266240K, used 10224K [0x000000076d900000, 0x000000077e700000, 0x00000007c0000000)
  eden space 256000K, 0% used [0x000000076d900000,0x000000076d900000,0x000000077d300000)
  from space 10240K, 99% used [0x000000077dd00000,0x000000077e6fc208,0x000000077e700000)
  to   space 10240K, 0% used [0x000000077d300000,0x000000077d300000,0x000000077dd00000)
 ParOldGen       total 169472K, used 16250K [0x00000006c8a00000, 0x00000006d2f80000, 0x000000076d900000)
  object space 169472K, 9% used [0x00000006c8a00000,0x00000006c99de828,0x00000006d2f80000)
 Metaspace       used 20683K, capacity 21116K, committed 21296K, reserved 1069056K
  class space    used 2470K, capacity 2586K, committed 2688K, reserved 1048576K
Event: 6.083 GC heap after
Heap after GC invocations=5 (full 1):
 PSYoungGen      total 266240K, used 0K [0x000000076d900000, 0x000000077e700000, 0x00000007c0000000)
  eden space 256000K, 0% used [0x000000076d900000,0x000000076d900000,0x000000077d300000)
  from space 10240K, 0% used [0x000000077dd00000,0x000000077dd00000,0x000000077e700000)
  to   space 10240K, 0% used [0x000000077d300000,0x000000077d300000,0x000000077dd00000)
 ParOldGen       total 132096K, used 21937K [0x00000006c8a00000, 0x00000006d0b00000, 0x000000076d900000)
  object space 132096K, 16% used [0x00000006c8a00000,0x00000006c9f6c6c0,0x00000006d0b00000)
 Metaspace       used 20683K, capacity 21116K, committed 21296K, reserved 1069056K
  class space    used 2470K, capacity 2586K, committed 2688K, reserved 1048576K
}

